<?xml version="1.0" encoding="UTF-8"?>
<!-- Generated by org.testng.reporters.JUnitReportReporter -->
<testsuite hostname="DESKTOP-NHPRK1V" failures="0" tests="1" name="com.TestRun.Runner" time="28.822" errors="0" timestamp="2025-04-16T14:13:21 IST" skipped="0">
  <testcase classname="com.TestRun.Runner" name="runScenario" time="28.822"/>
</testsuite> <!-- com.TestRun.Runner -->
